<?xml version="1.0" encoding="UTF-8"?>
<!-- Generated by org.testng.reporters.JUnitReportReporter -->
<testsuite hostname="LAPTOP-MUGKO6TA" failures="0" tests="1" name="waletpomclass.Testbackbutton" time="41.076" errors="0" timestamp="2022-11-11T13:43:31 IST" skipped="0">
  <testcase classname="waletpomclass.Testbackbutton" name="backbutton" time="41.076"/>
  <system-out>
    <![CDATA[when user click on backbutton from transfer screen
dashboard screen should be opened
dashboard screen opened
passed-back button is working ]]>
  </system-out>
</testsuite> <!-- waletpomclass.Testbackbutton -->
