<?xml version="1.0" encoding="UTF-8"?>
<!-- Generated by org.testng.reporters.JUnitReportReporter -->
<testsuite hostname="LAPTOP-MUGKO6TA" failures="0" tests="1" name="waletpomclass.Testproceeddbutton" time="17.327" errors="0" timestamp="2022-11-04T16:35:22 IST" skipped="0">
  <testcase classname="waletpomclass.Testproceeddbutton" name="functionalityproceed" time="17.327"/>
  <system-out/>
</testsuite> <!-- waletpomclass.Testproceeddbutton -->
