<?xml version="1.0" encoding="UTF-8"?>
<!-- Generated by org.testng.reporters.JUnitReportReporter -->
<testsuite hostname="LAPTOP-MUGKO6TA" failures="0" tests="1" name="waletpomclass.Testcaseproceedbutton" time="67.064" errors="0" timestamp="2022-11-07T12:01:38 IST" skipped="0">
  <testcase classname="waletpomclass.Testcaseproceedbutton" name="loginuser1" time="67.064"/>
  <system-out>
    <![CDATA[ passed-proceed button is working
paased-firstname is entered on textbox
paased-lastname is entered on textbox
 passed-country is selected from drop down
 passed-date is selcted from calander
 passed-date is selected
 passed-profile is created and next button is working  
Expected result-welcome page should be opened
Actual result-welcome page is opened
passed=Verify that if user click on next buttonwith mandatory field then next inforrmative page should be opened. .]]>
  </system-out>
</testsuite> <!-- waletpomclass.Testcaseproceedbutton -->
