<?xml version="1.0" encoding="UTF-8"?>
<!-- Generated by org.testng.reporters.JUnitReportReporter -->
<testsuite hostname="LAPTOP-MUGKO6TA" failures="0" tests="1" name="testrun.Availablebalance" time="0.030" errors="0" timestamp="2022-09-14T15:08:12 IST" skipped="0">
  <testcase classname="testrun.Availablebalance" name="clickonbutton" time="0.030"/>
  <system-out/>
</testsuite> <!-- testrun.Availablebalance -->
