<?xml version="1.0" encoding="UTF-8"?>
<!-- Generated by org.testng.reporters.JUnitReportReporter -->
<testsuite hostname="LAPTOP-MUGKO6TA" failures="0" tests="1" name="waletpomclass.Testcheckboxclickable" time="24.292" errors="0" timestamp="2022-11-04T15:41:29 IST" skipped="0">
  <testcase classname="waletpomclass.Testcheckboxclickable" name="selectoncheckbox" time="24.292"/>
  <system-out>
    <![CDATA[checkbox is selected]]>
  </system-out>
</testsuite> <!-- waletpomclass.Testcheckboxclickable -->
