<?xml version="1.0" encoding="UTF-8"?>
<!-- Generated by org.testng.reporters.JUnitReportReporter -->
<testsuite hostname="LAPTOP-MUGKO6TA" failures="0" tests="1" name="waletpomclass.Testcaseforwihoutclickoncheckbox" time="22.676" errors="0" timestamp="2022-11-04T15:41:29 IST" skipped="0">
  <testcase classname="waletpomclass.Testcaseforwihoutclickoncheckbox" name="disabledbutton" time="22.676"/>
  <system-out>
    <![CDATA[button is disabled]]>
  </system-out>
</testsuite> <!-- waletpomclass.Testcaseforwihoutclickoncheckbox -->
