<?xml version="1.0" encoding="UTF-8"?>
<!-- Generated by org.testng.reporters.JUnitReportReporter -->
<testsuite hostname="LAPTOP-MUGKO6TA" failures="0" tests="1" name="waletpomclass.Testcasewithoutdate" time="47.132" errors="0" timestamp="2022-11-08T11:55:20 IST" skipped="0">
  <testcase classname="waletpomclass.Testcasewithoutdate" name="withoutdate" time="47.132"/>
  <system-out>
    <![CDATA[passed-button is disabled]]>
  </system-out>
</testsuite> <!-- waletpomclass.Testcasewithoutdate -->
