<?xml version="1.0" encoding="UTF-8"?>
<!-- Generated by org.testng.reporters.JUnitReportReporter -->
<testsuite hostname="LAPTOP-MUGKO6TA" failures="0" tests="1" name="paytomerchant.Resultfordepositwindow" time="26.124" errors="0" timestamp="2022-10-10T16:43:47 IST" skipped="0">
  <testcase classname="paytomerchant.Resultfordepositwindow" name="paymentbutton" time="26.124"/>
  <system-out/>
</testsuite> <!-- paytomerchant.Resultfordepositwindow -->
