<?xml version="1.0" encoding="UTF-8"?>
<!-- Generated by org.testng.reporters.JUnitReportReporter -->
<testsuite hostname="LAPTOP-MUGKO6TA" failures="0" tests="1" name="waletpomclass.Testcasefortermcondition" time="21.169" errors="0" timestamp="2022-11-04T15:41:29 IST" skipped="0">
  <testcase classname="waletpomclass.Testcasefortermcondition" name="clickonlink" time="21.169"/>
  <system-out>
    <![CDATA[Passed-link is clickable]]>
  </system-out>
</testsuite> <!-- waletpomclass.Testcasefortermcondition -->
