<?xml version="1.0" encoding="UTF-8"?>
<!-- Generated by org.testng.reporters.JUnitReportReporter -->
<testsuite hostname="LAPTOP-MUGKO6TA" failures="0" tests="1" name="waletpomclass.Testcaselowbalancemsg" time="14.914" errors="0" timestamp="2022-11-08T16:06:48 IST" skipped="0">
  <testcase classname="waletpomclass.Testcaselowbalancemsg" name="lowbalncemsg" time="14.914"/>
  <system-out>
    <![CDATA[when user click on transfer button
passed-Even if available balance shows as zero then low balance massage should dispaly
passed-purchase button is working]]>
  </system-out>
</testsuite> <!-- waletpomclass.Testcaselowbalancemsg -->
