<?xml version="1.0" encoding="UTF-8"?>
<!-- Generated by org.testng.reporters.JUnitReportReporter -->
<testsuite hostname="LAPTOP-MUGKO6TA" failures="0" tests="6" name="paytomerchant.Newresult" time="36.077" errors="0" timestamp="2022-10-25T15:36:53 IST" skipped="0">
  <testcase classname="paytomerchant.Newresult" name="app" time="5.171"/>
  <system-out/>
  <testcase classname="paytomerchant.Newresult" name="entername" time="7.375"/>
  <system-out/>
  <testcase classname="paytomerchant.Newresult" name="amountfield" time="12.276"/>
  <system-out/>
  <testcase classname="paytomerchant.Newresult" name="deposit" time="3.153"/>
  <system-out/>
  <testcase classname="paytomerchant.Newresult" name="amountusd" time="4.060"/>
  <system-out/>
  <testcase classname="paytomerchant.Newresult" name="userwallet" time="4.042"/>
  <system-out/>
</testsuite> <!-- paytomerchant.Newresult -->
