<?xml version="1.0" encoding="UTF-8"?>
<!-- Generated by org.testng.reporters.JUnitReportReporter -->
<testsuite hostname="LAPTOP-MUGKO6TA" failures="0" tests="1" name="waletpomclass.Testcaseforltctransferbutton" time="29.418" errors="0" timestamp="2022-11-10T13:33:55 IST" skipped="0">
  <testcase classname="waletpomclass.Testcaseforltctransferbutton" name="transferbuttonfunctionalityltc" time="29.418"/>
  <system-out/>
</testsuite> <!-- waletpomclass.Testcaseforltctransferbutton -->
