<?xml version="1.0" encoding="UTF-8"?>
<!-- Generated by org.testng.reporters.JUnitReportReporter -->
<testsuite hostname="LAPTOP-MUGKO6TA" failures="0" tests="1" name="waletpomclass.Testdisablebuttonwithoutlastname" time="69.746" errors="0" timestamp="2022-11-08T10:59:29 IST" skipped="0">
  <testcase classname="waletpomclass.Testdisablebuttonwithoutlastname" name="nextbuttonisdisabled" time="69.746"/>
  <system-out>
    <![CDATA[passed-button is disabled]]>
  </system-out>
</testsuite> <!-- waletpomclass.Testdisablebuttonwithoutlastname -->
