<?xml version="1.0" encoding="UTF-8"?>
<!-- Generated by org.testng.reporters.JUnitReportReporter -->
<testsuite hostname="LAPTOP-MUGKO6TA" failures="0" tests="1" name="paytomerchant.NewTest" time="11.787" errors="0" timestamp="2022-10-14T16:15:43 IST" skipped="0">
  <testcase classname="paytomerchant.NewTest" name="f" time="11.787"/>
  <system-out/>
</testsuite> <!-- paytomerchant.NewTest -->
