<?xml version="1.0" encoding="UTF-8"?>
<!-- Generated by org.testng.reporters.JUnitReportReporter -->
<testsuite hostname="LAPTOP-MUGKO6TA" failures="0" tests="1" name="waletpomclass.Testinvliddate2" time="49.105" errors="0" timestamp="2022-11-08T14:54:30 IST" skipped="0">
  <testcase classname="waletpomclass.Testinvliddate2" name="invalidate2" time="49.105"/>
  <system-out/>
</testsuite> <!-- waletpomclass.Testinvliddate2 -->
