<?xml version="1.0" encoding="UTF-8"?>
<!-- Generated by org.testng.reporters.JUnitReportReporter -->
<testsuite hostname="LAPTOP-MUGKO6TA" failures="0" tests="1" name="waletpomclass.Backbuttoniswoeking" time="36.736" errors="0" timestamp="2022-11-17T13:31:26 IST" skipped="0">
  <testcase classname="waletpomclass.Backbuttoniswoeking" name="browser" time="36.736"/>
  <system-out>
    <![CDATA[valid emaild is entered
click on backbutton
Passed-button is clickable
Passed-button is clickable]]>
  </system-out>
</testsuite> <!-- waletpomclass.Backbuttoniswoeking -->
