<?xml version="1.0" encoding="UTF-8"?>
<!-- Generated by org.testng.reporters.JUnitReportReporter -->
<testsuite hostname="LAPTOP-MUGKO6TA" failures="0" tests="3" name="waletpomclass.Disabledandenabledbutton" time="74.818" errors="0" timestamp="2022-11-17T11:03:01 IST" skipped="0">
  <testcase classname="waletpomclass.Disabledandenabledbutton" name="logindata" time="36.675"/>
  <system-out>
    <![CDATA[enterd email id
button is disabled]]>
  </system-out>
  <testcase classname="waletpomclass.Disabledandenabledbutton" name="logindata" time="18.544"/>
  <system-out>
    <![CDATA[enterd email id
button is disabled]]>
  </system-out>
  <testcase classname="waletpomclass.Disabledandenabledbutton" name="logindata" time="19.599"/>
  <system-out>
    <![CDATA[enterd email id
button is enabled]]>
  </system-out>
</testsuite> <!-- waletpomclass.Disabledandenabledbutton -->
