<?xml version="1.0" encoding="UTF-8"?>
<!-- Generated by org.testng.reporters.JUnitReportReporter -->
<testsuite hostname="LAPTOP-MUGKO6TA" failures="0" tests="1" name="waletpomclass.Testcaseforquicktransferbutton" time="28.997" errors="0" timestamp="2022-11-10T10:41:41 IST" skipped="0">
  <testcase classname="waletpomclass.Testcaseforquicktransferbutton" name="quicktransferbuttonfunctionality" time="28.997"/>
  <system-out/>
</testsuite> <!-- waletpomclass.Testcaseforquicktransferbutton -->
