<?xml version="1.0" encoding="UTF-8"?>
<!-- Generated by org.testng.reporters.JUnitReportReporter -->
<testsuite hostname="LAPTOP-MUGKO6TA" failures="0" tests="3" name="waletpomclass.NewTestLogin" time="75.341" errors="0" timestamp="2022-11-03T14:46:36 IST" skipped="0">
  <testcase classname="waletpomclass.NewTestLogin" name="logindata" time="26.211"/>
  <system-out>
    <![CDATA[button is enabled]]>
  </system-out>
  <testcase classname="waletpomclass.NewTestLogin" name="logindata" time="24.000"/>
  <system-out>
    <![CDATA[button is disabled]]>
  </system-out>
  <testcase classname="waletpomclass.NewTestLogin" name="logindata" time="25.130"/>
  <system-out>
    <![CDATA[button is disabled]]>
  </system-out>
</testsuite> <!-- waletpomclass.NewTestLogin -->
