<?xml version="1.0" encoding="UTF-8"?>
<!-- Generated by org.testng.reporters.JUnitReportReporter -->
<testsuite hostname="LAPTOP-MUGKO6TA" failures="0" tests="1" name="waletpomclass.Testcasenextbuttononwelcopepage" time="77.002" errors="0" timestamp="2022-11-08T09:49:44 IST" skipped="0">
  <testcase classname="waletpomclass.Testcasenextbuttononwelcopepage" name="nextbuttonworkingonwelcomepage" time="77.002"/>
  <system-out>
    <![CDATA[Expected result-dashboard page should be opened
Actual result-dashboard page is opened
passed=Verify that if user click on next buttonwith then next inforrmative page should be opened. .]]>
  </system-out>
</testsuite> <!-- waletpomclass.Testcasenextbuttononwelcopepage -->
