<?xml version="1.0" encoding="UTF-8"?>
<!-- Generated by org.testng.reporters.JUnitReportReporter -->
<testsuite hostname="LAPTOP-MUGKO6TA" failures="0" tests="1" name="waletpomclass.Testnextbuttondisabledwithoutcontury" time="71.293" errors="0" timestamp="2022-11-08T12:00:58 IST" skipped="0">
  <testcase classname="waletpomclass.Testnextbuttondisabledwithoutcontury" name="withoutcountry" time="71.293"/>
  <system-out>
    <![CDATA[passed-button is disabled without selecting country]]>
  </system-out>
</testsuite> <!-- waletpomclass.Testnextbuttondisabledwithoutcontury -->
