<?xml version="1.0" encoding="UTF-8"?>
<!-- Generated by org.testng.reporters.JUnitReportReporter -->
<testsuite hostname="LAPTOP-MUGKO6TA" failures="0" tests="1" name="waletpomclass.Testcaseforconfimationlink" time="12.372" errors="0" timestamp="2022-11-16T13:31:43 IST" skipped="0">
  <testcase classname="waletpomclass.Testcaseforconfimationlink" name="verificationlink" time="12.372"/>
  <system-out>
    <![CDATA[passed -link is verified]]>
  </system-out>
</testsuite> <!-- waletpomclass.Testcaseforconfimationlink -->
